TN:
SF:src/emailSending/emailSender.js
FN:14,(anonymous_0)
FN:36,(anonymous_1)
FN:99,(anonymous_2)
FN:154,(anonymous_3)
FN:222,(anonymous_4)
FN:238,(anonymous_5)
FN:254,(anonymous_6)
FNF:7
FNH:0
FNDA:0,(anonymous_0)
FNDA:0,(anonymous_1)
FNDA:0,(anonymous_2)
FNDA:0,(anonymous_3)
FNDA:0,(anonymous_4)
FNDA:0,(anonymous_5)
FNDA:0,(anonymous_6)
DA:1,1
DA:2,1
DA:3,1
DA:4,1
DA:5,1
DA:8,1
DA:14,1
DA:15,0
DA:16,0
DA:17,0
DA:22,0
DA:23,0
DA:25,0
DA:26,0
DA:36,1
DA:37,0
DA:39,0
DA:40,0
DA:44,0
DA:45,0
DA:48,0
DA:51,0
DA:66,0
DA:67,0
DA:68,0
DA:70,0
DA:82,0
DA:86,0
DA:88,0
DA:89,0
DA:99,1
DA:100,0
DA:102,0
DA:103,0
DA:104,0
DA:105,0
DA:106,0
DA:107,0
DA:109,0
DA:120,0
DA:123,0
DA:126,0
DA:134,0
DA:143,0
DA:144,0
DA:154,1
DA:155,0
DA:157,0
DA:158,0
DA:162,0
DA:165,0
DA:168,0
DA:197,0
DA:206,0
DA:208,0
DA:216,0
DA:217,0
DA:222,1
DA:223,0
DA:224,0
DA:226,0
DA:227,0
DA:230,0
DA:231,0
DA:233,0
DA:238,1
DA:239,0
DA:240,0
DA:242,0
DA:243,0
DA:246,0
DA:247,0
DA:249,0
DA:254,1
DA:255,0
DA:256,0
DA:262,0
DA:263,0
DA:265,0
DA:269,1
LF:80
LH:14
BRDA:16,0,0,0
BRDA:16,0,1,0
BRDA:36,1,0,0
BRDA:39,2,0,0
BRDA:39,2,1,0
BRDA:39,3,0,0
BRDA:39,3,1,0
BRDA:39,3,2,0
BRDA:44,4,0,0
BRDA:44,4,1,0
BRDA:45,5,0,0
BRDA:45,5,1,0
BRDA:66,6,0,0
BRDA:66,6,1,0
BRDA:66,7,0,0
BRDA:66,7,1,0
BRDA:99,8,0,0
BRDA:102,9,0,0
BRDA:102,9,1,0
BRDA:107,10,0,0
BRDA:107,10,1,0
BRDA:157,11,0,0
BRDA:157,11,1,0
BRDA:157,12,0,0
BRDA:157,12,1,0
BRDA:157,12,2,0
BRDA:162,13,0,0
BRDA:162,13,1,0
BRDA:175,14,0,0
BRDA:175,14,1,0
BRDA:201,15,0,0
BRDA:201,15,1,0
BRDA:202,16,0,0
BRDA:202,16,1,0
BRDA:226,17,0,0
BRDA:226,17,1,0
BRDA:242,18,0,0
BRDA:242,18,1,0
BRDA:242,19,0,0
BRDA:242,19,1,0
BRF:40
BRH:0
end_of_record
TN:
SF:src/pdfGeneration/pdfGenerator.js
FN:26,(anonymous_0)
FN:91,(anonymous_1)
FN:118,(anonymous_2)
FN:119,(anonymous_3)
FN:124,(anonymous_4)
FN:136,(anonymous_5)
FN:160,(anonymous_6)
FN:178,(anonymous_7)
FN:194,(anonymous_8)
FNF:9
FNH:0
FNDA:0,(anonymous_0)
FNDA:0,(anonymous_1)
FNDA:0,(anonymous_2)
FNDA:0,(anonymous_3)
FNDA:0,(anonymous_4)
FNDA:0,(anonymous_5)
FNDA:0,(anonymous_6)
FNDA:0,(anonymous_7)
FNDA:0,(anonymous_8)
DA:1,1
DA:2,1
DA:3,1
DA:4,1
DA:5,1
DA:8,1
DA:11,1
DA:26,1
DA:27,0
DA:29,0
DA:30,0
DA:32,0
DA:33,0
DA:35,0
DA:39,0
DA:40,0
DA:43,0
DA:46,0
DA:47,0
DA:48,0
DA:49,0
DA:51,0
DA:54,0
DA:58,0
DA:64,0
DA:65,0
DA:71,0
DA:78,0
DA:86,0
DA:90,0
DA:91,0
DA:93,0
DA:94,0
DA:98,0
DA:102,0
DA:103,0
DA:108,0
DA:109,0
DA:115,0
DA:118,0
DA:119,0
DA:120,0
DA:121,0
DA:124,0
DA:125,0
DA:126,0
DA:130,0
DA:131,0
DA:136,1
DA:137,0
DA:138,0
DA:140,0
DA:141,0
DA:144,0
DA:146,0
DA:154,0
DA:155,0
DA:160,1
DA:161,0
DA:162,0
DA:163,0
DA:164,0
DA:166,0
DA:167,0
DA:170,0
DA:172,0
DA:173,0
DA:178,1
DA:179,0
DA:180,0
DA:181,0
DA:183,0
DA:184,0
DA:187,0
DA:189,0
DA:194,1
DA:195,0
DA:196,0
DA:218,0
DA:220,0
DA:230,0
DA:234,1
LF:82
LH:13
BRDA:8,0,0,1
BRDA:8,0,1,0
BRDA:26,1,0,0
BRDA:29,2,0,0
BRDA:29,2,1,0
BRDA:30,3,0,0
BRDA:30,3,1,0
BRDA:32,4,0,0
BRDA:32,4,1,0
BRDA:47,5,0,0
BRDA:47,5,1,0
BRDA:64,6,0,0
BRDA:64,6,1,0
BRDA:64,7,0,0
BRDA:64,7,1,0
BRDA:74,8,0,0
BRDA:74,8,1,0
BRDA:93,9,0,0
BRDA:93,9,1,0
BRDA:93,10,0,0
BRDA:93,10,1,0
BRDA:102,11,0,0
BRDA:102,11,1,0
BRDA:140,12,0,0
BRDA:140,12,1,0
BRDA:140,13,0,0
BRDA:140,13,1,0
BRDA:163,14,0,0
BRDA:163,14,1,0
BRDA:166,15,0,0
BRDA:166,15,1,0
BRDA:183,16,0,0
BRDA:183,16,1,0
BRF:33
BRH:1
end_of_record
